[2012-09-13 14:39:48] request.ERROR: Symfony\Component\HttpKernel\Exception\NotFoundHttpException: No route found for "GET /Resources/bootstrap/img/glyphicons-halflings.png" (uncaught exception) at C:\xampp\htdocs\sandbox\vendor\symfony\src\Symfony\Bundle\FrameworkBundle\EventListener\RouterListener.php line 83 [] []
[2012-09-13 14:41:00] request.ERROR: Symfony\Component\HttpKernel\Exception\NotFoundHttpException: No route found for "GET /Resources/bootstrap/img/glyphicons-halflings.png" (uncaught exception) at C:\xampp\htdocs\sandbox\vendor\symfony\src\Symfony\Bundle\FrameworkBundle\EventListener\RouterListener.php line 83 [] []
[2012-09-19 13:09:49] request.ERROR: Symfony\Component\HttpKernel\Exception\NotFoundHttpException: No route found for "GET /Resources/bootstrap/img/glyphicons-halflings.png" (uncaught exception) at C:\xampp\htdocs\sandbox\vendor\symfony\src\Symfony\Bundle\FrameworkBundle\EventListener\RouterListener.php line 83 [] []
[2012-09-19 13:13:35] request.ERROR: Symfony\Component\HttpKernel\Exception\NotFoundHttpException: No route found for "GET /Resources/bootstrap/img/glyphicons-halflings.png" (uncaught exception) at C:\xampp\htdocs\sandbox\vendor\symfony\src\Symfony\Bundle\FrameworkBundle\EventListener\RouterListener.php line 83 [] []
[2012-09-19 13:14:56] request.ERROR: Symfony\Component\HttpKernel\Exception\NotFoundHttpException: No route found for "GET /Resources/bootstrap/img/glyphicons-halflings.png" (uncaught exception) at C:\xampp\htdocs\sandbox\app\cache\prod\classes.php line 4489 [] []
[2012-09-20 13:57:11] request.ERROR: Symfony\Component\HttpKernel\Exception\NotFoundHttpException: No route found for "GET /Resources/bootstrap/img/glyphicons-halflings.png" (uncaught exception) at C:\xampp\htdocs\sandbox\app\cache\prod\classes.php line 4489 [] []
[2012-09-21 12:36:46] request.ERROR: Symfony\Component\HttpKernel\Exception\NotFoundHttpException: No route found for "GET /Resources/bootstrap/img/glyphicons-halflings.png" (uncaught exception) at C:\xampp\htdocs\sandbox\app\cache\prod\classes.php line 4489 [] []
[2012-09-21 12:39:05] request.ERROR: Symfony\Component\HttpKernel\Exception\NotFoundHttpException: No route found for "GET /Resources/bootstrap/img/glyphicons-halflings.png" (uncaught exception) at C:\xampp\htdocs\sandbox\app\cache\prod\classes.php line 4489 [] []
[2012-09-21 13:07:07] security.DEBUG: Read SecurityContext from the session [] []
[2012-09-21 13:07:07] security.DEBUG: Reloading user from user provider. [] []
[2012-09-21 13:07:07] security.DEBUG: Username "spela.do@gmail.com" was reloaded from user provider. [] []
[2012-09-21 13:07:07] request.ERROR: Symfony\Component\HttpKernel\Exception\NotFoundHttpException: No route found for "GET /magento/register" (uncaught exception) at C:\xampp\htdocs\sandbox\app\cache\prod\classes.php line 4489 [] []
[2012-09-21 13:07:07] security.DEBUG: Write SecurityContext in the session [] []
[2012-09-21 13:08:56] security.DEBUG: Read SecurityContext from the session [] []
[2012-09-21 13:08:56] security.DEBUG: Reloading user from user provider. [] []
[2012-09-21 13:08:57] security.DEBUG: Username "spela.do@gmail.com" was reloaded from user provider. [] []
[2012-09-21 13:08:57] request.INFO: Matched route "magento_register" (parameters: "_controller": "Bukzine\MagentoBundle\Controller\SecurityController::registerAction", "_route": "magento_register") [] []
[2012-09-21 13:09:08] request.CRITICAL: SoapFault: This customer email already exists (uncaught exception) at C:\xampp\htdocs\sandbox\src\Bukzine\MagentoBundle\Api\UserApi.php line 43 [] []
[2012-09-21 13:09:08] security.DEBUG: Write SecurityContext in the session [] []
[2012-09-21 13:23:00] request.ERROR: Symfony\Component\HttpKernel\Exception\NotFoundHttpException: No route found for "GET /Resources/bootstrap/img/glyphicons-halflings.png" (uncaught exception) at C:\xampp\htdocs\sandbox\app\cache\prod\classes.php line 4489 [] []
[2012-09-22 12:06:59] request.ERROR: Symfony\Component\HttpKernel\Exception\NotFoundHttpException: No route found for "GET /Resources/bootstrap/img/glyphicons-halflings.png" (uncaught exception) at C:\xampp\htdocs\sandbox\app\cache\prod\classes.php line 4489 [] []
[2012-09-24 13:28:04] request.ERROR: Symfony\Component\HttpKernel\Exception\NotFoundHttpException: No route found for "GET /Resources/bootstrap/img/glyphicons-halflings.png" (uncaught exception) at C:\xampp\htdocs\sandbox\app\cache\prod\classes.php line 4489 [] []
[2012-09-25 10:51:57] request.ERROR: Symfony\Component\HttpKernel\Exception\NotFoundHttpException: No route found for "GET /Resources/bootstrap/img/glyphicons-halflings.png" (uncaught exception) at C:\xampp\htdocs\sandbox\app\cache\prod\classes.php line 4489 [] []
[2012-09-25 11:13:28] request.ERROR: Symfony\Component\HttpKernel\Exception\NotFoundHttpException: No route found for "GET /Resources/bootstrap/img/glyphicons-halflings.png" (uncaught exception) at C:\xampp\htdocs\sandbox\app\cache\prod\classes.php line 4489 [] []
[2012-09-25 11:33:38] request.ERROR: Symfony\Component\HttpKernel\Exception\NotFoundHttpException: No route found for "GET /Resources/bootstrap/img/glyphicons-halflings.png" (uncaught exception) at C:\xampp\htdocs\sandbox\app\cache\prod\classes.php line 4489 [] []
[2012-09-28 08:08:47] request.ERROR: Symfony\Component\HttpKernel\Exception\NotFoundHttpException: No route found for "GET /Resources/bootstrap/img/glyphicons-halflings.png" (uncaught exception) at C:\xampp\htdocs\sandbox\vendor\symfony\src\Symfony\Bundle\FrameworkBundle\EventListener\RouterListener.php line 83 [] []
[2012-09-28 08:24:18] request.ERROR: Symfony\Component\HttpKernel\Exception\NotFoundHttpException: No route found for "GET /Resources/bootstrap/img/glyphicons-halflings-white.png" (uncaught exception) at C:\xampp\htdocs\sandbox\vendor\symfony\src\Symfony\Bundle\FrameworkBundle\EventListener\RouterListener.php line 83 [] []
[2012-09-28 08:37:02] request.ERROR: Symfony\Component\HttpKernel\Exception\NotFoundHttpException: No route found for "GET /Resources/bootstrap/img/glyphicons-halflings.png" (uncaught exception) at C:\xampp\htdocs\sandbox\app\cache\prod\classes.php line 4489 [] []
[2012-09-28 11:03:25] request.ERROR: Symfony\Component\HttpKernel\Exception\NotFoundHttpException: No route found for "GET /Resources/bootstrap/img/glyphicons-halflings.png" (uncaught exception) at C:\xampp\htdocs\sandbox\app\cache\prod\classes.php line 4489 [] []
[2012-10-01 07:26:19] request.ERROR: Symfony\Component\HttpKernel\Exception\NotFoundHttpException: No route found for "GET /Resources/bootstrap/img/glyphicons-halflings.png" (uncaught exception) at C:\xampp\htdocs\sandbox\app\cache\prod\classes.php line 4489 [] []
[2012-10-01 11:05:58] request.ERROR: Symfony\Component\HttpKernel\Exception\NotFoundHttpException: No route found for "GET /Resources/bootstrap/img/glyphicons-halflings.png" (uncaught exception) at C:\xampp\htdocs\sandbox\app\cache\prod\classes.php line 4489 [] []
[2012-10-01 11:23:51] request.ERROR: Symfony\Component\HttpKernel\Exception\NotFoundHttpException: No route found for "GET /Resources/bootstrap/img/glyphicons-halflings.png" (uncaught exception) at C:\xampp\htdocs\sandbox\app\cache\prod\classes.php line 4489 [] []
[2012-10-01 11:24:37] request.ERROR: Symfony\Component\HttpKernel\Exception\NotFoundHttpException: No route found for "GET /Resources/bootstrap/img/glyphicons-halflings.png" (uncaught exception) at C:\xampp\htdocs\sandbox\app\cache\prod\classes.php line 4489 [] []
[2012-10-01 11:24:55] request.ERROR: Symfony\Component\HttpKernel\Exception\NotFoundHttpException: No route found for "GET /Resources/bootstrap/img/glyphicons-halflings.png" (uncaught exception) at C:\xampp\htdocs\sandbox\app\cache\prod\classes.php line 4489 [] []
[2012-10-01 11:27:15] request.ERROR: Symfony\Component\HttpKernel\Exception\NotFoundHttpException: No route found for "GET /Resources/bootstrap/img/glyphicons-halflings.png" (uncaught exception) at C:\xampp\htdocs\sandbox\app\cache\prod\classes.php line 4489 [] []
[2012-10-01 11:27:17] request.ERROR: Symfony\Component\HttpKernel\Exception\NotFoundHttpException: No route found for "GET /plupload/js/plupload.flash.swf" (uncaught exception) at C:\xampp\htdocs\sandbox\app\cache\prod\classes.php line 4489 [] []
[2012-10-01 11:27:19] request.ERROR: Symfony\Component\HttpKernel\Exception\NotFoundHttpException: No route found for "GET /plupload/js/plupload.flash.swf" (uncaught exception) at C:\xampp\htdocs\sandbox\app\cache\prod\classes.php line 4489 [] []
[2012-10-01 11:31:01] request.ERROR: Symfony\Component\HttpKernel\Exception\NotFoundHttpException: No route found for "GET /Resources/bootstrap/img/glyphicons-halflings.png" (uncaught exception) at C:\xampp\htdocs\sandbox\app\cache\prod\classes.php line 4489 [] []
[2012-10-01 11:37:26] request.ERROR: Symfony\Component\HttpKernel\Exception\NotFoundHttpException: No route found for "GET /Resources/bootstrap/img/glyphicons-halflings.png" (uncaught exception) at C:\xampp\htdocs\sandbox\app\cache\prod\classes.php line 4489 [] []
[2012-10-01 14:22:45] request.ERROR: Symfony\Component\HttpKernel\Exception\NotFoundHttpException: No route found for "GET /Resources/bootstrap/img/glyphicons-halflings.png" (uncaught exception) at C:\xampp\htdocs\sandbox\app\cache\prod\classes.php line 4489 [] []
[2012-10-02 13:10:03] request.ERROR: Symfony\Component\HttpKernel\Exception\NotFoundHttpException: No route found for "GET /Resources/bootstrap/img/glyphicons-halflings.png" (uncaught exception) at C:\xampp\htdocs\sandbox\app\cache\prod\classes.php line 4489 [] []
[2012-10-02 14:39:50] request.ERROR: Symfony\Component\HttpKernel\Exception\NotFoundHttpException: No route found for "GET /Resources/bootstrap/img/glyphicons-halflings.png" (uncaught exception) at C:\xampp\htdocs\sandbox\app\cache\prod\classes.php line 4489 [] []
[2012-10-04 16:11:13] request.ERROR: Symfony\Component\HttpKernel\Exception\NotFoundHttpException: No route found for "GET /Resources/bootstrap/img/glyphicons-halflings.png" (uncaught exception) at C:\xampp\htdocs\sandbox\vendor\symfony\src\Symfony\Bundle\FrameworkBundle\EventListener\RouterListener.php line 83 [] []
[2012-10-04 16:25:46] request.ERROR: Symfony\Component\HttpKernel\Exception\NotFoundHttpException: No route found for "GET /Resources/bootstrap/img/glyphicons-halflings.png" (uncaught exception) at C:\xampp\htdocs\sandbox\vendor\symfony\src\Symfony\Bundle\FrameworkBundle\EventListener\RouterListener.php line 83 [] []
[2012-10-04 16:46:20] request.ERROR: Symfony\Component\HttpKernel\Exception\NotFoundHttpException: No route found for "GET /Resources/bootstrap/img/glyphicons-halflings.png" (uncaught exception) at C:\xampp\htdocs\sandbox\app\cache\prod\classes.php line 4489 [] []
[2012-10-05 08:19:50] request.ERROR: Symfony\Component\HttpKernel\Exception\NotFoundHttpException: No route found for "GET /Resources/bootstrap/img/glyphicons-halflings.png" (uncaught exception) at C:\xampp\htdocs\sandbox\app\cache\prod\classes.php line 4489 [] []
[2012-10-07 16:00:31] request.ERROR: Symfony\Component\HttpKernel\Exception\NotFoundHttpException: No route found for "GET /Resources/bootstrap/img/glyphicons-halflings.png" (uncaught exception) at C:\xampp\htdocs\sandbox\app\cache\prod\classes.php line 4489 [] []
[2012-10-07 16:29:23] request.ERROR: Symfony\Component\HttpKernel\Exception\NotFoundHttpException: No route found for "GET /Resources/bootstrap/img/glyphicons-halflings.png" (uncaught exception) at C:\xampp\htdocs\sandbox\app\cache\prod\classes.php line 4489 [] []
[2012-10-08 11:42:50] request.ERROR: Symfony\Component\HttpKernel\Exception\NotFoundHttpException: No route found for "GET /Resources/bootstrap/img/glyphicons-halflings.png" (uncaught exception) at C:\xampp\htdocs\sandbox\app\cache\prod\classes.php line 4489 [] []
[2012-10-08 11:45:21] request.ERROR: Symfony\Component\HttpKernel\Exception\NotFoundHttpException: No route found for "GET /Resources/bootstrap/img/glyphicons-halflings.png" (uncaught exception) at C:\xampp\htdocs\sandbox\app\cache\prod\classes.php line 4489 [] []
[2012-10-08 12:34:09] request.ERROR: Symfony\Component\HttpKernel\Exception\NotFoundHttpException: No route found for "GET /Resources/bootstrap/img/glyphicons-halflings.png" (uncaught exception) at C:\xampp\htdocs\sandbox\app\cache\prod\classes.php line 4489 [] []
[2012-10-09 11:55:14] request.ERROR: Symfony\Component\HttpKernel\Exception\NotFoundHttpException: No route found for "GET /Resources/bootstrap/img/glyphicons-halflings.png" (uncaught exception) at C:\xampp\htdocs\sandbox\app\cache\prod\classes.php line 4489 [] []
[2012-10-09 12:03:06] request.ERROR: Symfony\Component\HttpKernel\Exception\NotFoundHttpException: No route found for "GET /Resources/bootstrap/img/glyphicons-halflings.png" (uncaught exception) at C:\xampp\htdocs\sandbox\app\cache\prod\classes.php line 4489 [] []
[2012-10-09 12:11:13] request.ERROR: Symfony\Component\HttpKernel\Exception\NotFoundHttpException: No route found for "GET /Resources/bootstrap/img/glyphicons-halflings.png" (uncaught exception) at C:\xampp\htdocs\sandbox\app\cache\prod\classes.php line 4489 [] []
[2012-10-09 12:17:57] request.ERROR: Symfony\Component\HttpKernel\Exception\NotFoundHttpException: No route found for "GET /Resources/bootstrap/img/glyphicons-halflings.png" (uncaught exception) at C:\xampp\htdocs\sandbox\app\cache\prod\classes.php line 4489 [] []
[2012-10-09 14:09:22] request.ERROR: Symfony\Component\HttpKernel\Exception\NotFoundHttpException: No route found for "GET /Resources/bootstrap/img/glyphicons-halflings.png" (uncaught exception) at C:\xampp\htdocs\sandbox\vendor\symfony\src\Symfony\Bundle\FrameworkBundle\EventListener\RouterListener.php line 83 [] []
[2012-10-09 15:33:47] request.ERROR: Symfony\Component\HttpKernel\Exception\NotFoundHttpException: No route found for "GET /Resources/bootstrap/img/glyphicons-halflings.png" (uncaught exception) at C:\xampp\htdocs\sandbox\vendor\symfony\src\Symfony\Bundle\FrameworkBundle\EventListener\RouterListener.php line 83 [] []
[2012-10-12 08:59:08] request.ERROR: Symfony\Component\HttpKernel\Exception\NotFoundHttpException: No route found for "GET /Resources/bootstrap/img/glyphicons-halflings.png" (uncaught exception) at C:\xampp\htdocs\sandbox\app\cache\prod\classes.php line 4489 [] []
[2012-10-15 11:52:02] request.ERROR: Symfony\Component\HttpKernel\Exception\NotFoundHttpException: No route found for "GET /Resources/bootstrap/img/glyphicons-halflings.png" (uncaught exception) at C:\xampp\htdocs\sandbox\vendor\symfony\src\Symfony\Bundle\FrameworkBundle\EventListener\RouterListener.php line 83 [] []
[2012-10-16 07:13:43] request.ERROR: Symfony\Component\HttpKernel\Exception\NotFoundHttpException: No route found for "GET /Resources/bootstrap/img/glyphicons-halflings.png" (uncaught exception) at C:\xampp\htdocs\sandbox\vendor\symfony\src\Symfony\Bundle\FrameworkBundle\EventListener\RouterListener.php line 83 [] []
[2012-11-07 12:45:25] request.ERROR: Symfony\Component\HttpKernel\Exception\NotFoundHttpException: No route found for "GET /Resources/bootstrap/img/glyphicons-halflings.png" (uncaught exception) at C:\xampp\htdocs\sandbox\app\cache\prod\classes.php line 4489 [] []
